[01m[K/home/max/Documents/GitHub/IR2121/Navigation/nav/src/goal/publisher.cpp:13:27:[m[K [01;31m[Kerror: [m[Kâ€˜[01m[Knav_msgs[m[Kâ€™ does not name a type
   13 | void topic_callback(const [01;31m[Knav_msgs[m[K::msg::PoseWithCovarianceStamped::SharedPtr msg)
      |                           [01;31m[K^~~~~~~~[m[K
[01m[K/home/max/Documents/GitHub/IR2121/Navigation/nav/src/goal/publisher.cpp:13:40:[m[K [01;31m[Kerror: [m[Kexpected unqualified-id before â€˜[01m[K::[m[Kâ€™ token
   13 | void topic_callback(const nav_msgs::msg[01;31m[K::[m[KPoseWithCovarianceStamped::SharedPtr msg)
      |                                        [01;31m[K^~[m[K
[01m[K/home/max/Documents/GitHub/IR2121/Navigation/nav/src/goal/publisher.cpp:13:40:[m[K [01;31m[Kerror: [m[Kexpected â€˜[01m[K)[m[Kâ€™ before â€˜[01m[K::[m[Kâ€™ token
   13 | void topic_callback[34m[K([m[Kconst nav_msgs::msg[01;31m[K:[m[K[32m[K:[m[KPoseWithCovarianceStamped::SharedPtr msg)
      |                    [34m[K~[m[K                   [01;31m[K^[m[K[32m[K~[m[K
      |                                        [32m[K)[m[K
[01m[K/home/max/Documents/GitHub/IR2121/Navigation/nav/src/goal/publisher.cpp:13:40:[m[K [01;31m[Kerror: [m[Kexpected initializer before â€˜[01m[K::[m[Kâ€™ token
   13 | void topic_callback(const nav_msgs::msg[01;31m[K::[m[KPoseWithCovarianceStamped::SharedPtr msg)
      |                                        [01;31m[K^~[m[K
[01m[K/home/max/Documents/GitHub/IR2121/Navigation/nav/src/goal/publisher.cpp:[m[K In function â€˜[01m[Kint main(int, char**)[m[Kâ€™:
[01m[K/home/max/Documents/GitHub/IR2121/Navigation/nav/src/goal/publisher.cpp:25:113:[m[K [01;31m[Kerror: [m[Kâ€˜[01m[Ktopic_callback[m[Kâ€™ was not declared in this scope
   25 | eometry_msgs::msg::PoseWithCovarianceStamped>("amcl_pose", 10, [01;31m[Ktopic_callback[m[K);
      |                                                                [01;31m[K^~~~~~~~~~~~~~[m[K

make[2]: *** [CMakeFiles/publisher.dir/build.make:63: CMakeFiles/publisher.dir/publisher.cpp.o] Error 1
make[1]: *** [CMakeFiles/Makefile2:78: CMakeFiles/publisher.dir/all] Error 2
make: *** [Makefile:141: all] Error 2
