[0.078s] Invoking command in '/home/max/Documents/GitHub/IR2121/Navigation/nav/build/goal': CMAKE_PREFIX_PATH=${CMAKE_PREFIX_PATH}:/home/max/ws/install/opencv_tests:/opt/ros/foxy /usr/bin/cmake --build /home/max/Documents/GitHub/IR2121/Navigation/nav/build/goal -- -j20 -l20
[0.114s] -- Found ament_cmake: 0.9.12 (/opt/ros/foxy/share/ament_cmake/cmake)
[0.134s] -- Using PYTHON_EXECUTABLE: /usr/bin/python3
[0.236s] -- Found rclcpp: 2.4.3 (/opt/ros/foxy/share/rclcpp/cmake)
[0.263s] -- Using all available rosidl_typesupport_c: rosidl_typesupport_fastrtps_c;rosidl_typesupport_introspection_c
[0.265s] -- Found rosidl_adapter: 1.3.1 (/opt/ros/foxy/share/rosidl_adapter/cmake)
[0.349s] -- Using all available rosidl_typesupport_cpp: rosidl_typesupport_fastrtps_cpp;rosidl_typesupport_introspection_cpp
[0.383s] -- Found rmw_implementation_cmake: 1.0.4 (/opt/ros/foxy/share/rmw_implementation_cmake/cmake)
[0.385s] -- Using RMW implementation 'rmw_fastrtps_cpp' as default
[0.474s] -- Found geometry_msgs: 2.0.5 (/opt/ros/foxy/share/geometry_msgs/cmake)
[0.534s] -- Configuring done
[0.542s] -- Generating done
[0.544s] -- Build files have been written to: /home/max/Documents/GitHub/IR2121/Navigation/nav/build/goal
[0.561s] [35m[1mScanning dependencies of target publisher[0m
[0.576s] [ 50%] [32mBuilding CXX object CMakeFiles/publisher.dir/publisher.cpp.o[0m
[1.331s] [01m[K/home/max/Documents/GitHub/IR2121/Navigation/nav/src/goal/publisher.cpp:13:27:[m[K [01;31m[Kerror: [m[Kâ€˜[01m[Knav_msgs[m[Kâ€™ does not name a type
[1.331s]    13 | void topic_callback(const [01;31m[Knav_msgs[m[K::msg::PoseWithCovarianceStamped::SharedPtr msg)
[1.331s]       |                           [01;31m[K^~~~~~~~[m[K
[1.331s] [01m[K/home/max/Documents/GitHub/IR2121/Navigation/nav/src/goal/publisher.cpp:13:40:[m[K [01;31m[Kerror: [m[Kexpected unqualified-id before â€˜[01m[K::[m[Kâ€™ token
[1.331s]    13 | void topic_callback(const nav_msgs::msg[01;31m[K::[m[KPoseWithCovarianceStamped::SharedPtr msg)
[1.331s]       |                                        [01;31m[K^~[m[K
[1.331s] [01m[K/home/max/Documents/GitHub/IR2121/Navigation/nav/src/goal/publisher.cpp:13:40:[m[K [01;31m[Kerror: [m[Kexpected â€˜[01m[K)[m[Kâ€™ before â€˜[01m[K::[m[Kâ€™ token
[1.331s]    13 | void topic_callback[34m[K([m[Kconst nav_msgs::msg[01;31m[K:[m[K[32m[K:[m[KPoseWithCovarianceStamped::SharedPtr msg)
[1.331s]       |                    [34m[K~[m[K                   [01;31m[K^[m[K[32m[K~[m[K
[1.331s]       |                                        [32m[K)[m[K
[1.331s] [01m[K/home/max/Documents/GitHub/IR2121/Navigation/nav/src/goal/publisher.cpp:13:40:[m[K [01;31m[Kerror: [m[Kexpected initializer before â€˜[01m[K::[m[Kâ€™ token
[1.331s]    13 | void topic_callback(const nav_msgs::msg[01;31m[K::[m[KPoseWithCovarianceStamped::SharedPtr msg)
[1.331s]       |                                        [01;31m[K^~[m[K
[1.334s] [01m[K/home/max/Documents/GitHub/IR2121/Navigation/nav/src/goal/publisher.cpp:[m[K In function â€˜[01m[Kint main(int, char**)[m[Kâ€™:
[1.334s] [01m[K/home/max/Documents/GitHub/IR2121/Navigation/nav/src/goal/publisher.cpp:25:113:[m[K [01;31m[Kerror: [m[Kâ€˜[01m[Ktopic_callback[m[Kâ€™ was not declared in this scope
[1.334s]    25 | eometry_msgs::msg::PoseWithCovarianceStamped>("amcl_pose", 10, [01;31m[Ktopic_callback[m[K);
[1.334s]       |                                                                [01;31m[K^~~~~~~~~~~~~~[m[K
[1.334s] 
[1.767s] make[2]: *** [CMakeFiles/publisher.dir/build.make:63: CMakeFiles/publisher.dir/publisher.cpp.o] Error 1
[1.767s] make[1]: *** [CMakeFiles/Makefile2:78: CMakeFiles/publisher.dir/all] Error 2
[1.767s] make: *** [Makefile:141: all] Error 2
[1.770s] Invoked command in '/home/max/Documents/GitHub/IR2121/Navigation/nav/build/goal' returned '2': CMAKE_PREFIX_PATH=${CMAKE_PREFIX_PATH}:/home/max/ws/install/opencv_tests:/opt/ros/foxy /usr/bin/cmake --build /home/max/Documents/GitHub/IR2121/Navigation/nav/build/goal -- -j20 -l20
