[0.089s] Invoking command in '/home/max/Documents/GitHub/IR2121/Navigation/nav/build/goal': CMAKE_PREFIX_PATH=${CMAKE_PREFIX_PATH}:/home/max/ws/install/opencv_tests:/opt/ros/foxy /usr/bin/cmake --build /home/max/Documents/GitHub/IR2121/Navigation/nav/build/goal -- -j20 -l20
[0.112s] [35m[1mScanning dependencies of target publisher[0m
[0.127s] [ 50%] [32mBuilding CXX object CMakeFiles/publisher.dir/publisher.cpp.o[0m
[0.776s] [01m[K/home/max/Documents/GitHub/IR2121/Navigation/nav/src/goal/publisher.cpp:11:26:[m[K [01;31m[Kerror: [m[Kâ€˜[01m[Kbuffer[m[Kâ€™ is not a member of â€˜[01m[Ktf2_ros[m[Kâ€™; did you mean â€˜[01m[KBuffer[m[Kâ€™?
[0.776s]    11 | std::shared_ptr<tf2_ros::[01;31m[Kbuffer[m[K> tf_; std::shared_ptr<tf2_ros::transformlistener> tfl_; 2) In the constructor, rclcpp::Clock::SharedPtr clock; clock=std::make_shared< rclcpp::Clock >(RCL_SYSTEM_TIME); tf_.reset(new tf2_ros::Buffer(clock)); tfl_.reset(new tf2_ros::TransformListener(*tf_)); 3)
[0.776s]       |                          [01;31m[K^~~~~~[m[K
[0.776s]       |                          [32m[KBuffer[m[K
[0.776s] [01m[K/home/max/Documents/GitHub/IR2121/Navigation/nav/src/goal/publisher.cpp:11:26:[m[K [01;31m[Kerror: [m[Kâ€˜[01m[Kbuffer[m[Kâ€™ is not a member of â€˜[01m[Ktf2_ros[m[Kâ€™; did you mean â€˜[01m[KBuffer[m[Kâ€™?
[0.777s]    11 | std::shared_ptr<tf2_ros::[01;31m[Kbuffer[m[K> tf_; std::shared_ptr<tf2_ros::transformlistener> tfl_; 2) In the constructor, rclcpp::Clock::SharedPtr clock; clock=std::make_shared< rclcpp::Clock >(RCL_SYSTEM_TIME); tf_.reset(new tf2_ros::Buffer(clock)); tfl_.reset(new tf2_ros::TransformListener(*tf_)); 3)
[0.777s]       |                          [01;31m[K^~~~~~[m[K
[0.777s]       |                          [32m[KBuffer[m[K
[0.777s] [01m[K/home/max/Documents/GitHub/IR2121/Navigation/nav/src/goal/publisher.cpp:11:32:[m[K [01;31m[Kerror: [m[Ktemplate argument 1 is invalid
[0.777s]    11 | std::shared_ptr<tf2_ros::buffer[01;31m[K>[m[K tf_; std::shared_ptr<tf2_ros::transformlistener> tfl_; 2) In the constructor, rclcpp::Clock::SharedPtr clock; clock=std::make_shared< rclcpp::Clock >(RCL_SYSTEM_TIME); tf_.reset(new tf2_ros::Buffer(clock)); tfl_.reset(new tf2_ros::TransformListener(*tf_)); 3)
[0.777s]       |                                [01;31m[K^[m[K
[0.777s] [01m[K/home/max/Documents/GitHub/IR2121/Navigation/nav/src/goal/publisher.cpp:11:64:[m[K [01;31m[Kerror: [m[Kâ€˜[01m[Ktransformlistener[m[Kâ€™ is not a member of â€˜[01m[Ktf2_ros[m[Kâ€™; did you mean â€˜[01m[KTransformListener[m[Kâ€™?
[0.777s]    11 | std::shared_ptr<tf2_ros::buffer> tf_; std::shared_ptr<tf2_ros::[01;31m[Ktransformlistener[m[K> tfl_; 2) In the constructor, rclcpp::Clock::SharedPtr clock; clock=std::make_shared< rclcpp::Clock >(RCL_SYSTEM_TIME); tf_.reset(new tf2_ros::Buffer(clock)); tfl_.reset(new tf2_ros::TransformListener(*tf_)); 3)
[0.777s]       |                                                                [01;31m[K^~~~~~~~~~~~~~~~~[m[K
[0.777s]       |                                                                [32m[KTransformListener[m[K
[0.777s] [01m[K/home/max/Documents/GitHub/IR2121/Navigation/nav/src/goal/publisher.cpp:11:64:[m[K [01;31m[Kerror: [m[Kâ€˜[01m[Ktransformlistener[m[Kâ€™ is not a member of â€˜[01m[Ktf2_ros[m[Kâ€™; did you mean â€˜[01m[KTransformListener[m[Kâ€™?
[0.777s]    11 | std::shared_ptr<tf2_ros::buffer> tf_; std::shared_ptr<tf2_ros::[01;31m[Ktransformlistener[m[K> tfl_; 2) In the constructor, rclcpp::Clock::SharedPtr clock; clock=std::make_shared< rclcpp::Clock >(RCL_SYSTEM_TIME); tf_.reset(new tf2_ros::Buffer(clock)); tfl_.reset(new tf2_ros::TransformListener(*tf_)); 3)
[0.777s]       |                                                                [01;31m[K^~~~~~~~~~~~~~~~~[m[K
[0.777s]       |                                                                [32m[KTransformListener[m[K
[0.777s] [01m[K/home/max/Documents/GitHub/IR2121/Navigation/nav/src/goal/publisher.cpp:11:81:[m[K [01;31m[Kerror: [m[Ktemplate argument 1 is invalid
[0.777s]    11 | std::shared_ptr<tf2_ros::buffer> tf_; std::shared_ptr<tf2_ros::transformlistener[01;31m[K>[m[K tfl_; 2) In the constructor, rclcpp::Clock::SharedPtr clock; clock=std::make_shared< rclcpp::Clock >(RCL_SYSTEM_TIME); tf_.reset(new tf2_ros::Buffer(clock)); tfl_.reset(new tf2_ros::TransformListener(*tf_)); 3)
[0.777s]       |                                                                                 [01;31m[K^[m[K
[0.777s] [01m[K/home/max/Documents/GitHub/IR2121/Navigation/nav/src/goal/publisher.cpp:11:89:[m[K [01;31m[Kerror: [m[Kexpected unqualified-id before numeric constant
[0.777s]    11 | std::shared_ptr<tf2_ros::buffer> tf_; std::shared_ptr<tf2_ros::transformlistener> tfl_; [01;31m[K2[m[K) In the constructor, rclcpp::Clock::SharedPtr clock; clock=std::make_shared< rclcpp::Clock >(RCL_SYSTEM_TIME); tf_.reset(new tf2_ros::Buffer(clock)); tfl_.reset(new tf2_ros::TransformListener(*tf_)); 3)
[0.777s]       |                                                                                         [01;31m[K^[m[K
[0.777s] [01m[K/home/max/Documents/GitHub/IR2121/Navigation/nav/src/goal/publisher.cpp:11:144:[m[K [01;31m[Kerror: [m[Kâ€˜[01m[Kclock[m[Kâ€™ does not name a type
[0.777s]    11 | std::shared_ptr<tf2_ros::buffer> tf_; std::shared_ptr<tf2_ros::transformlistener> tfl_; 2) In the constructor, rclcpp::Clock::SharedPtr clock; [01;31m[Kclock[m[K=std::make_shared< rclcpp::Clock >(RCL_SYSTEM_TIME); tf_.reset(new tf2_ros::Buffer(clock)); tfl_.reset(new tf2_ros::TransformListener(*tf_)); 3)
[0.777s]       |                                                                                                                                                [01;31m[K^~~~~[m[K
[0.778s] [01m[K/home/max/Documents/GitHub/IR2121/Navigation/nav/src/goal/publisher.cpp:11:202:[m[K [01;31m[Kerror: [m[Kâ€˜[01m[Ktf_[m[Kâ€™ does not name a type
[0.778s]    11 | _ptr<tf2_ros::transformlistener> tfl_; 2) In the constructor, rclcpp::Clock::SharedPtr clock; clock=std::make_shared< rclcpp::Clock >(RCL_SYSTEM_TIME); [01;31m[Ktf_[m[K.reset(new tf2_ros::Buffer(clock)); tfl_.reset(new tf2_ros::TransformListener(*tf_)); 3)
[0.778s]       |                                                                                                                                                         [01;31m[K^~~[m[K
[0.778s] 
[0.778s] [01m[K/home/max/Documents/GitHub/IR2121/Navigation/nav/src/goal/publisher.cpp:11:241:[m[K [01;31m[Kerror: [m[Kâ€˜[01m[Ktfl_[m[Kâ€™ does not name a type
[0.778s]    11 | 2) In the constructor, rclcpp::Clock::SharedPtr clock; clock=std::make_shared< rclcpp::Clock >(RCL_SYSTEM_TIME); tf_.reset(new tf2_ros::Buffer(clock)); [01;31m[Ktfl_[m[K.reset(new tf2_ros::TransformListener(*tf_)); 3)
[0.778s]       |                                                                                                                                                         [01;31m[K^~~~[m[K
[0.778s] 
[0.778s] [01m[K/home/max/Documents/GitHub/IR2121/Navigation/nav/src/goal/publisher.cpp:11:291:[m[K [01;31m[Kerror: [m[Kexpected unqualified-id before numeric constant
[0.778s]    11 | ock; clock=std::make_shared< rclcpp::Clock >(RCL_SYSTEM_TIME); tf_.reset(new tf2_ros::Buffer(clock)); tfl_.reset(new tf2_ros::TransformListener(*tf_)); [01;31m[K3[m[K)
[0.778s]       |                                                                                                                                                         [01;31m[K^[m[K
[0.778s] 
[0.942s] make[2]: *** [CMakeFiles/publisher.dir/build.make:63: CMakeFiles/publisher.dir/publisher.cpp.o] Error 1
[0.942s] make[1]: *** [CMakeFiles/Makefile2:78: CMakeFiles/publisher.dir/all] Error 2
[0.942s] make: *** [Makefile:141: all] Error 2
[0.944s] Invoked command in '/home/max/Documents/GitHub/IR2121/Navigation/nav/build/goal' returned '2': CMAKE_PREFIX_PATH=${CMAKE_PREFIX_PATH}:/home/max/ws/install/opencv_tests:/opt/ros/foxy /usr/bin/cmake --build /home/max/Documents/GitHub/IR2121/Navigation/nav/build/goal -- -j20 -l20
