[35m[1mScanning dependencies of target publisher[0m
[ 50%] [32mBuilding CXX object CMakeFiles/publisher.dir/publisher.cpp.o[0m
[01m[K/home/max/Documents/GitHub/IR2121/Navigation/nav/src/goal/publisher.cpp:3:10:[m[K [01;31m[Kfatal error: [m[Kgeometry_msgs/posestamped.hpp: No such file or directory
    3 | #include [01;31m[K"geometry_msgs/posestamped.hpp"[m[K
      |          [01;31m[K^~~~~~~~~~~~~~~~~~~~~~~~~~~~~~~[m[K
compilation terminated.
make[2]: *** [CMakeFiles/publisher.dir/build.make:63: CMakeFiles/publisher.dir/publisher.cpp.o] Error 1
make[1]: *** [CMakeFiles/Makefile2:78: CMakeFiles/publisher.dir/all] Error 2
make: *** [Makefile:141: all] Error 2
