[01m[K/home/max/Documents/GitHub/IR2121/Navigation/nav/src/goal/publisher.cpp:[m[K In function â€˜[01m[Kvoid topic_callback(nav_msgs::msg::Odometry_<std::allocator<void> >::SharedPtr)[m[Kâ€™:
[01m[K/home/max/Documents/GitHub/IR2121/Navigation/nav/src/goal/publisher.cpp:16:2:[m[K [01;31m[Kerror: [m[Kâ€˜[01m[Kpzs[m[Kâ€™ was not declared in this scope; did you mean â€˜[01m[Kpys[m[Kâ€™?
   16 |  [01;31m[Kpzs[m[K = msg->pose.pose.position.z;
      |  [01;31m[K^~~[m[K
      |  [32m[Kpys[m[K
make[2]: *** [CMakeFiles/publisher.dir/build.make:63: CMakeFiles/publisher.dir/publisher.cpp.o] Error 1
make[1]: *** [CMakeFiles/Makefile2:78: CMakeFiles/publisher.dir/all] Error 2
make: *** [Makefile:141: all] Error 2
