[0.093s] Invoking command in '/home/max/Documents/GitHub/IR2121/Navigation/nav/build/goal': CMAKE_PREFIX_PATH=${CMAKE_PREFIX_PATH}:/home/max/ws/install/opencv_tests:/opt/ros/foxy /usr/bin/cmake --build /home/max/Documents/GitHub/IR2121/Navigation/nav/build/goal -- -j20 -l20
[0.117s] [35m[1mScanning dependencies of target publisher[0m
[0.131s] [ 50%] [32mBuilding CXX object CMakeFiles/publisher.dir/publisher.cpp.o[0m
[0.782s] [01m[K/home/max/Documents/GitHub/IR2121/Navigation/nav/src/goal/publisher.cpp:[m[K In function â€˜[01m[Kint main(int, char**)[m[Kâ€™:
[0.782s] [01m[K/home/max/Documents/GitHub/IR2121/Navigation/nav/src/goal/publisher.cpp:20:20:[m[K [01;31m[Kerror: [m[Kâ€˜[01m[KSharedPtr[m[Kâ€™ is not a member of â€˜[01m[Ktf2_ros::Buffer[m[Kâ€™
[0.782s]    20 |   tf2_ros::Buffer::[01;31m[KSharedPtr[m[K tf2_buffer;
[0.782s]       |                    [01;31m[K^~~~~~~~~[m[K
[0.782s] [01m[K/home/max/Documents/GitHub/IR2121/Navigation/nav/src/goal/publisher.cpp:21:31:[m[K [01;31m[Kerror: [m[Kâ€˜[01m[KSharedPtr[m[Kâ€™ is not a member of â€˜[01m[Ktf2_ros::TransformListener[m[Kâ€™
[0.782s]    21 |   tf2_ros::TransformListener::[01;31m[KSharedPtr[m[K listener(tf2_buffer);
[0.782s]       |                               [01;31m[K^~~~~~~~~[m[K
[0.788s] [01m[K/home/max/Documents/GitHub/IR2121/Navigation/nav/src/goal/publisher.cpp:36:20:[m[K [01;31m[Kerror: [m[Kâ€˜[01m[Ktf2_buffer[m[Kâ€™ was not declared in this scope
[0.788s]    36 |     map_baselink = [01;31m[Ktf2_buffer[m[K.lookupTransform("base_link", "map", rclcpp::Time(0), rclcpp::Duration(1.0));
[0.789s]       |                    [01;31m[K^~~~~~~~~~[m[K
[1.202s] make[2]: *** [CMakeFiles/publisher.dir/build.make:63: CMakeFiles/publisher.dir/publisher.cpp.o] Error 1
[1.202s] make[1]: *** [CMakeFiles/Makefile2:78: CMakeFiles/publisher.dir/all] Error 2
[1.202s] make: *** [Makefile:141: all] Error 2
[1.205s] Invoked command in '/home/max/Documents/GitHub/IR2121/Navigation/nav/build/goal' returned '2': CMAKE_PREFIX_PATH=${CMAKE_PREFIX_PATH}:/home/max/ws/install/opencv_tests:/opt/ros/foxy /usr/bin/cmake --build /home/max/Documents/GitHub/IR2121/Navigation/nav/build/goal -- -j20 -l20
