[0.090s] Invoking command in '/home/max/Documents/GitHub/IR2121/Navigation/nav/build/goal': CMAKE_PREFIX_PATH=${CMAKE_PREFIX_PATH}:/home/max/ws/install/opencv_tests:/opt/ros/foxy /usr/bin/cmake --build /home/max/Documents/GitHub/IR2121/Navigation/nav/build/goal -- -j20 -l20
[0.114s] [35m[1mScanning dependencies of target publisher[0m
[0.129s] [ 50%] [32mBuilding CXX object CMakeFiles/publisher.dir/publisher.cpp.o[0m
[0.786s] [01m[K/home/max/Documents/GitHub/IR2121/Navigation/nav/src/goal/publisher.cpp:[m[K In function â€˜[01m[Kint main(int, char**)[m[Kâ€™:
[0.786s] [01m[K/home/max/Documents/GitHub/IR2121/Navigation/nav/src/goal/publisher.cpp:21:115:[m[K [01;31m[Kerror: [m[Kâ€˜[01m[Ktf_buffer_[m[Kâ€™ was not declared in this scope; did you mean â€˜[01m[Kbuffer[m[Kâ€™?
[0.786s]    21 |   std::shared_ptr<tf2_ros::TransformListener> transform_listener_ = std::make_shared<tf2_ros::TransformListener>(*[01;31m[Ktf_buffer_[m[K);
[0.786s]       |                                                                                                                   [01;31m[K^~~~~~~~~~[m[K
[0.786s]       |                                                                                                                   [32m[Kbuffer[m[K
[0.792s] [01m[K/home/max/Documents/GitHub/IR2121/Navigation/nav/src/goal/publisher.cpp:36:20:[m[K [01;31m[Kerror: [m[Kâ€˜[01m[Ktf2_buffer[m[Kâ€™ was not declared in this scope; did you mean â€˜[01m[Kbuffer[m[Kâ€™?
[0.792s]    36 |     map_baselink = [01;31m[Ktf2_buffer[m[K.lookupTransform("base_link", "map", rclcpp::Time(0), rclcpp::Duration(1.0));
[0.792s]       |                    [01;31m[K^~~~~~~~~~[m[K
[0.792s]       |                    [32m[Kbuffer[m[K
[1.223s] make[2]: *** [CMakeFiles/publisher.dir/build.make:63: CMakeFiles/publisher.dir/publisher.cpp.o] Error 1
[1.223s] make[1]: *** [CMakeFiles/Makefile2:78: CMakeFiles/publisher.dir/all] Error 2
[1.223s] make: *** [Makefile:141: all] Error 2
[1.226s] Invoked command in '/home/max/Documents/GitHub/IR2121/Navigation/nav/build/goal' returned '2': CMAKE_PREFIX_PATH=${CMAKE_PREFIX_PATH}:/home/max/ws/install/opencv_tests:/opt/ros/foxy /usr/bin/cmake --build /home/max/Documents/GitHub/IR2121/Navigation/nav/build/goal -- -j20 -l20
