[0.096s] Invoking command in '/home/max/Documents/GitHub/IR2121/Navigation/nav/build/goal': CMAKE_PREFIX_PATH=${CMAKE_PREFIX_PATH}:/home/max/ws/install/opencv_tests:/opt/ros/foxy /usr/bin/cmake --build /home/max/Documents/GitHub/IR2121/Navigation/nav/build/goal -- -j20 -l20
[0.121s] [35m[1mScanning dependencies of target publisher[0m
[0.135s] [ 50%] [32mBuilding CXX object CMakeFiles/publisher.dir/publisher.cpp.o[0m
[0.765s] [01m[K/home/max/Documents/GitHub/IR2121/Navigation/nav/src/goal/publisher.cpp:[m[K In function â€˜[01m[Kint main(int, char**)[m[Kâ€™:
[0.765s] [01m[K/home/max/Documents/GitHub/IR2121/Navigation/nav/src/goal/publisher.cpp:31:26:[m[K [01;35m[Kwarning: [m[Ksuggest parentheses around comparison in operand of â€˜[01m[K&[m[Kâ€™ [[01;35m[K-Wparentheses[m[K]
[0.765s]    31 |   while (rclcpp::ok() & [01;35m[Ki<4[m[K) {
[0.765s]       |                         [01;35m[K~^~[m[K
[0.770s] [01m[K/home/max/Documents/GitHub/IR2121/Navigation/nav/src/goal/publisher.cpp:35:5:[m[K [01;31m[Kerror: [m[Kâ€˜[01m[Kpxi[m[Kâ€™ was not declared in this scope; did you mean â€˜[01m[Kpx[m[Kâ€™?
[0.771s]    35 |     [01;31m[Kpxi[m[K=std::abs(px[i]);
[0.771s]       |     [01;31m[K^~~[m[K
[0.771s]       |     [32m[Kpx[m[K
[0.771s] [01m[K/home/max/Documents/GitHub/IR2121/Navigation/nav/src/goal/publisher.cpp:36:5:[m[K [01;31m[Kerror: [m[Kâ€˜[01m[Kpyi[m[Kâ€™ was not declared in this scope; did you mean â€˜[01m[Kpy[m[Kâ€™?
[0.771s]    36 |     [01;31m[Kpyi[m[K=std::abs(py[i]);
[0.771s]       |     [01;31m[K^~~[m[K
[0.771s]       |     [32m[Kpy[m[K
[1.554s] make[2]: *** [CMakeFiles/publisher.dir/build.make:63: CMakeFiles/publisher.dir/publisher.cpp.o] Error 1
[1.554s] make[1]: *** [CMakeFiles/Makefile2:78: CMakeFiles/publisher.dir/all] Error 2
[1.554s] make: *** [Makefile:141: all] Error 2
[1.556s] Invoked command in '/home/max/Documents/GitHub/IR2121/Navigation/nav/build/goal' returned '2': CMAKE_PREFIX_PATH=${CMAKE_PREFIX_PATH}:/home/max/ws/install/opencv_tests:/opt/ros/foxy /usr/bin/cmake --build /home/max/Documents/GitHub/IR2121/Navigation/nav/build/goal -- -j20 -l20
