[0.090s] Invoking command in '/home/max/Documents/GitHub/IR2121/Navigation/nav/build/goal': CMAKE_PREFIX_PATH=${CMAKE_PREFIX_PATH}:/home/max/ws/install/opencv_tests:/opt/ros/foxy /usr/bin/cmake --build /home/max/Documents/GitHub/IR2121/Navigation/nav/build/goal -- -j20 -l20
[0.113s] [35m[1mScanning dependencies of target publisher[0m
[0.128s] [ 50%] [32mBuilding CXX object CMakeFiles/publisher.dir/publisher.cpp.o[0m
[0.778s] [01m[K/home/max/Documents/GitHub/IR2121/Navigation/nav/src/goal/publisher.cpp:[m[K In function â€˜[01m[Kint main(int, char**)[m[Kâ€™:
[0.778s] [01m[K/home/max/Documents/GitHub/IR2121/Navigation/nav/src/goal/publisher.cpp:21:19:[m[K [01;31m[Kerror: [m[Kno matching function for call to â€˜[01m[Ktf2_ros::Buffer::Buffer()[m[Kâ€™
[0.778s]    21 |   tf2_ros::Buffer [01;31m[Kbuffer[m[K;
[0.778s]       |                   [01;31m[K^~~~~~[m[K
[0.778s] In file included from [01m[K/opt/ros/foxy/include/tf2_ros/transform_listener.h:41[m[K,
[0.779s]                  from [01m[K/home/max/Documents/GitHub/IR2121/Navigation/nav/src/goal/publisher.cpp:5[m[K:
[0.779s] [01m[K/opt/ros/foxy/include/tf2_ros/buffer.h:71:20:[m[K [01;36m[Knote: [m[Kcandidate: â€˜[01m[Ktf2_ros::Buffer::Buffer(rclcpp::Clock::SharedPtr, tf2::Duration)[m[Kâ€™
[0.779s]    71 |     TF2_ROS_PUBLIC [01;36m[KBuffer[m[K(rclcpp::Clock::SharedPtr clock, tf2::Duration cache_time = tf2::Duration(tf2::BUFFER_CORE_DEFAULT_CACHE_TIME));
[0.779s]       |                    [01;36m[K^~~~~~[m[K
[0.779s] [01m[K/opt/ros/foxy/include/tf2_ros/buffer.h:71:20:[m[K [01;36m[Knote: [m[K  candidate expects 2 arguments, 0 provided
[0.779s] [01m[K/home/max/Documents/GitHub/IR2121/Navigation/nav/src/goal/publisher.cpp:23:3:[m[K [01;31m[Kerror: [m[Kâ€˜[01m[Kgeometry[m[Kâ€™ has not been declared
[0.779s]    23 |   [01;31m[Kgeometry[m[K::msgs::TransformStamped map_baselink;
[0.779s]       |   [01;31m[K^~~~~~~~[m[K
[0.780s] [01m[K/home/max/Documents/GitHub/IR2121/Navigation/nav/src/goal/publisher.cpp:32:5:[m[K [01;31m[Kerror: [m[Kâ€˜[01m[Kmap_baselink[m[Kâ€™ was not declared in this scope
[0.780s]    32 |     [01;31m[Kmap_baselink[m[K = tf_buffer.lookupTransform("base_link", "map", ros::Time(0), ros::Duration(1.0));
[0.780s]       |     [01;31m[K^~~~~~~~~~~~[m[K
[0.781s] [01m[K/home/max/Documents/GitHub/IR2121/Navigation/nav/src/goal/publisher.cpp:32:20:[m[K [01;31m[Kerror: [m[Kâ€˜[01m[Ktf_buffer[m[Kâ€™ was not declared in this scope; did you mean â€˜[01m[Kbuffer[m[Kâ€™?
[0.781s]    32 |     map_baselink = [01;31m[Ktf_buffer[m[K.lookupTransform("base_link", "map", ros::Time(0), ros::Duration(1.0));
[0.781s]       |                    [01;31m[K^~~~~~~~~[m[K
[0.781s]       |                    [32m[Kbuffer[m[K
[0.781s] [01m[K/home/max/Documents/GitHub/IR2121/Navigation/nav/src/goal/publisher.cpp:32:66:[m[K [01;31m[Kerror: [m[Kâ€˜[01m[Kros[m[Kâ€™ has not been declared
[0.781s]    32 | map_baselink = tf_buffer.lookupTransform("base_link", "map", [01;31m[Kros[m[K::Time(0), ros::Duration(1.0));
[0.781s]       |                                                              [01;31m[K^~~[m[K
[0.781s] 
[0.781s] [01m[K/home/max/Documents/GitHub/IR2121/Navigation/nav/src/goal/publisher.cpp:32:80:[m[K [01;31m[Kerror: [m[Kâ€˜[01m[Kros[m[Kâ€™ has not been declared
[0.781s]    32 |  tf_buffer.lookupTransform("base_link", "map", ros::Time(0), [01;31m[Kros[m[K::Duration(1.0));
[0.781s]       |                                                              [01;31m[K^~~[m[K
[0.781s] 
[1.201s] make[2]: *** [CMakeFiles/publisher.dir/build.make:63: CMakeFiles/publisher.dir/publisher.cpp.o] Error 1
[1.202s] make[1]: *** [CMakeFiles/Makefile2:78: CMakeFiles/publisher.dir/all] Error 2
[1.202s] make: *** [Makefile:141: all] Error 2
[1.204s] Invoked command in '/home/max/Documents/GitHub/IR2121/Navigation/nav/build/goal' returned '2': CMAKE_PREFIX_PATH=${CMAKE_PREFIX_PATH}:/home/max/ws/install/opencv_tests:/opt/ros/foxy /usr/bin/cmake --build /home/max/Documents/GitHub/IR2121/Navigation/nav/build/goal -- -j20 -l20
