[0.109s] Invoking command in '/home/max/Documents/GitHub/IR2121/Navigation/nav/build/goal': CMAKE_PREFIX_PATH=${CMAKE_PREFIX_PATH}:/home/max/ws/install/opencv_tests:/opt/ros/foxy /usr/bin/cmake --build /home/max/Documents/GitHub/IR2121/Navigation/nav/build/goal -- -j20 -l20
[0.134s] [35m[1mScanning dependencies of target publisher[0m
[0.149s] [ 50%] [32mBuilding CXX object CMakeFiles/publisher.dir/publisher.cpp.o[0m
[0.845s] [01m[K/home/max/Documents/GitHub/IR2121/Navigation/nav/src/goal/publisher.cpp:[m[K In function â€˜[01m[Kint main(int, char**)[m[Kâ€™:
[0.845s] [01m[K/home/max/Documents/GitHub/IR2121/Navigation/nav/src/goal/publisher.cpp:28:28:[m[K [01;35m[Kwarning: [m[Ksuggest parentheses around comparison in operand of â€˜[01m[K&[m[Kâ€™ [[01;35m[K-Wparentheses[m[K]
[0.845s]    28 |   while (rclcpp::ok()& [01;35m[Kstop==0[m[K) {
[0.845s]       |                        [01;35m[K~~~~^~~[m[K
[0.850s] [01m[K/home/max/Documents/GitHub/IR2121/Navigation/nav/src/goal/publisher.cpp:34:16:[m[K [01;35m[Kwarning: [m[Kcomparisons like â€˜[01m[KX<=Y<=Z[m[Kâ€™ do not have their mathematical meaning [[01;35m[K-Wparentheses[m[K]
[0.850s]    34 |     if(([01;35m[Kpx1-0.2<pxs[m[K<px1+0.2)&(py1-0.2<pys<py1+0.2)&(pz1-0.2<pzs<pz1+0.2))
[0.850s]       |         [01;35m[K~~~~~~~^~~~[m[K
[0.850s] [01m[K/home/max/Documents/GitHub/IR2121/Navigation/nav/src/goal/publisher.cpp:34:38:[m[K [01;35m[Kwarning: [m[Kcomparisons like â€˜[01m[KX<=Y<=Z[m[Kâ€™ do not have their mathematical meaning [[01;35m[K-Wparentheses[m[K]
[0.850s]    34 |     if((px1-0.2<pxs<px1+0.2)&([01;35m[Kpy1-0.2<pys[m[K<py1+0.2)&(pz1-0.2<pzs<pz1+0.2))
[0.850s]       |                               [01;35m[K~~~~~~~^~~~[m[K
[0.851s] [01m[K/home/max/Documents/GitHub/IR2121/Navigation/nav/src/goal/publisher.cpp:34:60:[m[K [01;35m[Kwarning: [m[Kcomparisons like â€˜[01m[KX<=Y<=Z[m[Kâ€™ do not have their mathematical meaning [[01;35m[K-Wparentheses[m[K]
[0.851s]    34 |     if((px1-0.2<pxs<px1+0.2)&(py1-0.2<pys<py1+0.2)&([01;35m[Kpz1-0.2<pzs[m[K<pz1+0.2))
[0.851s]       |                                                     [01;35m[K~~~~~~~^~~~[m[K
[0.851s] [01m[K/home/max/Documents/GitHub/IR2121/Navigation/nav/src/goal/publisher.cpp:[m[K At global scope:
[0.851s] [01m[K/home/max/Documents/GitHub/IR2121/Navigation/nav/src/goal/publisher.cpp:43:1:[m[K [01;31m[Kerror: [m[Kexpected unqualified-id before â€˜[01m[K-[m[Kâ€™ token
[0.851s]    43 | [01;31m[K-[m[K0.84317; 2.9451; -4.7339e-06
[0.851s]       | [01;31m[K^[m[K
[0.851s] [01m[K/home/max/Documents/GitHub/IR2121/Navigation/nav/src/goal/publisher.cpp:43:11:[m[K [01;31m[Kerror: [m[Kexpected unqualified-id before numeric constant
[0.851s]    43 | -0.84317; [01;31m[K2.9451[m[K; -4.7339e-06
[0.851s]       |           [01;31m[K^~~~~~[m[K
[0.851s] [01m[K/home/max/Documents/GitHub/IR2121/Navigation/nav/src/goal/publisher.cpp:43:19:[m[K [01;31m[Kerror: [m[Kexpected unqualified-id before â€˜[01m[K-[m[Kâ€™ token
[0.851s]    43 | -0.84317; 2.9451; [01;31m[K-[m[K4.7339e-06
[0.851s]       |                   [01;31m[K^[m[K
[1.710s] make[2]: *** [CMakeFiles/publisher.dir/build.make:63: CMakeFiles/publisher.dir/publisher.cpp.o] Error 1
[1.710s] make[1]: *** [CMakeFiles/Makefile2:78: CMakeFiles/publisher.dir/all] Error 2
[1.710s] make: *** [Makefile:141: all] Error 2
[1.712s] Invoked command in '/home/max/Documents/GitHub/IR2121/Navigation/nav/build/goal' returned '2': CMAKE_PREFIX_PATH=${CMAKE_PREFIX_PATH}:/home/max/ws/install/opencv_tests:/opt/ros/foxy /usr/bin/cmake --build /home/max/Documents/GitHub/IR2121/Navigation/nav/build/goal -- -j20 -l20
