[0.088s] Invoking command in '/home/max/Documents/GitHub/IR2121/Navigation/nav/build/goal': CMAKE_PREFIX_PATH=${CMAKE_PREFIX_PATH}:/home/max/ws/install/opencv_tests:/opt/ros/foxy /usr/bin/cmake --build /home/max/Documents/GitHub/IR2121/Navigation/nav/build/goal -- -j20 -l20
[0.111s] [35m[1mScanning dependencies of target publisher[0m
[0.125s] [ 50%] [32mBuilding CXX object CMakeFiles/publisher.dir/publisher.cpp.o[0m
[0.776s] [01m[K/home/max/Documents/GitHub/IR2121/Navigation/nav/src/goal/publisher.cpp:[m[K In function â€˜[01m[Kint main(int, char**)[m[Kâ€™:
[0.777s] [01m[K/home/max/Documents/GitHub/IR2121/Navigation/nav/src/goal/publisher.cpp:21:66:[m[K [01;31m[Kerror: [m[Kno matching function for call to â€˜[01m[Kstd::shared_ptr<tf2_ros::TransformListener>::shared_ptr(std::shared_ptr<tf2_ros::Buffer>&)[m[Kâ€™
[0.777s]    21 |   std::shared_ptr<tf2_ros::TransformListener> listener(tf2_buffer[01;31m[K)[m[K;
[0.777s]       |                                                                  [01;31m[K^[m[K
[0.777s] In file included from [01m[K/usr/include/c++/9/memory:81[m[K,
[0.777s]                  from [01m[K/opt/ros/foxy/include/rclcpp/rclcpp.hpp:144[m[K,
[0.777s]                  from [01m[K/home/max/Documents/GitHub/IR2121/Navigation/nav/src/goal/publisher.cpp:2[m[K:
[0.777s] [01m[K/usr/include/c++/9/bits/shared_ptr.h:367:7:[m[K [01;36m[Knote: [m[Kcandidate: â€˜[01m[Kstd::shared_ptr<_Tp>::shared_ptr(const std::weak_ptr<_Tp>&, std::nothrow_t) [with _Tp = tf2_ros::TransformListener][m[Kâ€™
[0.777s]   367 |       [01;36m[Kshared_ptr[m[K(const weak_ptr<_Tp>& __r, std::nothrow_t)
[0.777s]       |       [01;36m[K^~~~~~~~~~[m[K
[0.777s] [01m[K/usr/include/c++/9/bits/shared_ptr.h:367:7:[m[K [01;36m[Knote: [m[K  candidate expects 2 arguments, 1 provided
[0.777s] [01m[K/usr/include/c++/9/bits/shared_ptr.h:358:2:[m[K [01;36m[Knote: [m[Kcandidate: â€˜[01m[Ktemplate<class _Alloc, class ... _Args> std::shared_ptr<_Tp>::shared_ptr(std::_Sp_alloc_shared_tag<_Tp>, _Args&& ...)[m[Kâ€™
[0.777s]   358 |  [01;36m[Kshared_ptr[m[K(_Sp_alloc_shared_tag<_Alloc> __tag, _Args&&... __args)
[0.777s]       |  [01;36m[K^~~~~~~~~~[m[K
[0.777s] [01m[K/usr/include/c++/9/bits/shared_ptr.h:358:2:[m[K [01;36m[Knote: [m[K  template argument deduction/substitution failed:
[0.777s] [01m[K/home/max/Documents/GitHub/IR2121/Navigation/nav/src/goal/publisher.cpp:21:66:[m[K [01;36m[Knote: [m[K  â€˜[01m[Kstd::shared_ptr<tf2_ros::Buffer>[m[Kâ€™ is not derived from â€˜[01m[Kstd::_Sp_alloc_shared_tag<_Tp>[m[Kâ€™
[0.777s]    21 |   std::shared_ptr<tf2_ros::TransformListener> listener(tf2_buffer[01;36m[K)[m[K;
[0.777s]       |                                                                  [01;36m[K^[m[K
[0.777s] In file included from [01m[K/usr/include/c++/9/memory:81[m[K,
[0.777s]                  from [01m[K/opt/ros/foxy/include/rclcpp/rclcpp.hpp:144[m[K,
[0.777s]                  from [01m[K/home/max/Documents/GitHub/IR2121/Navigation/nav/src/goal/publisher.cpp:2[m[K:
[0.777s] [01m[K/usr/include/c++/9/bits/shared_ptr.h:307:17:[m[K [01;36m[Knote: [m[Kcandidate: â€˜[01m[Kconstexpr std::shared_ptr<_Tp>::shared_ptr(std::nullptr_t) [with _Tp = tf2_ros::TransformListener; std::nullptr_t = std::nullptr_t][m[Kâ€™
[0.777s]   307 |       constexpr [01;36m[Kshared_ptr[m[K(nullptr_t) noexcept : shared_ptr() { }
[0.777s]       |                 [01;36m[K^~~~~~~~~~[m[K
[0.777s] [01m[K/usr/include/c++/9/bits/shared_ptr.h:307:28:[m[K [01;36m[Knote: [m[K  no known conversion for argument 1 from â€˜[01m[Kstd::shared_ptr<tf2_ros::Buffer>[m[Kâ€™ to â€˜[01m[Kstd::nullptr_t[m[Kâ€™
[0.777s]   307 |       constexpr shared_ptr([01;36m[Knullptr_t[m[K) noexcept : shared_ptr() { }
[0.777s]       |                            [01;36m[K^~~~~~~~~[m[K
[0.777s] [01m[K/usr/include/c++/9/bits/shared_ptr.h:299:2:[m[K [01;36m[Knote: [m[Kcandidate: â€˜[01m[Ktemplate<class _Yp, class _Del, std::shared_ptr<tf2_ros::TransformListener>::_Constructible<std::unique_ptr<_Tp, _Dp>, std::__sp_array_delete>* <anonymous> > std::shared_ptr<_Tp>::shared_ptr(std::unique_ptr<_Up, _Ep>&&)[m[Kâ€™
[0.777s]   299 |  [01;36m[Kshared_ptr[m[K(unique_ptr<_Yp, _Del>&& __r)
[0.777s]       |  [01;36m[K^~~~~~~~~~[m[K
[0.777s] [01m[K/usr/include/c++/9/bits/shared_ptr.h:299:2:[m[K [01;36m[Knote: [m[K  template argument deduction/substitution failed:
[0.777s] [01m[K/home/max/Documents/GitHub/IR2121/Navigation/nav/src/goal/publisher.cpp:21:66:[m[K [01;36m[Knote: [m[K  â€˜[01m[Kstd::shared_ptr<tf2_ros::Buffer>[m[Kâ€™ is not derived from â€˜[01m[Kstd::unique_ptr<_Tp, _Dp>[m[Kâ€™
[0.777s]    21 |   std::shared_ptr<tf2_ros::TransformListener> listener(tf2_buffer[01;36m[K)[m[K;
[0.777s]       |                                                                  [01;36m[K^[m[K
[0.777s] In file included from [01m[K/usr/include/c++/9/memory:81[m[K,
[0.777s]                  from [01m[K/opt/ros/foxy/include/rclcpp/rclcpp.hpp:144[m[K,
[0.777s]                  from [01m[K/home/max/Documents/GitHub/IR2121/Navigation/nav/src/goal/publisher.cpp:2[m[K:
[0.778s] [01m[K/usr/include/c++/9/bits/shared_ptr.h:290:2:[m[K [01;36m[Knote: [m[Kcandidate: â€˜[01m[Ktemplate<class _Yp, class _Del, class> std::shared_ptr<_Tp>::shared_ptr(std::unique_ptr<_Up, _Ep>&&)[m[Kâ€™
[0.778s]   290 |  [01;36m[Kshared_ptr[m[K(unique_ptr<_Yp, _Del>&& __r)
[0.778s]       |  [01;36m[K^~~~~~~~~~[m[K
[0.778s] [01m[K/usr/include/c++/9/bits/shared_ptr.h:290:2:[m[K [01;36m[Knote: [m[K  template argument deduction/substitution failed:
[0.778s] [01m[K/home/max/Documents/GitHub/IR2121/Navigation/nav/src/goal/publisher.cpp:21:66:[m[K [01;36m[Knote: [m[K  â€˜[01m[Kstd::shared_ptr<tf2_ros::Buffer>[m[Kâ€™ is not derived from â€˜[01m[Kstd::unique_ptr<_Tp, _Dp>[m[Kâ€™
[0.778s]    21 |   std::shared_ptr<tf2_ros::TransformListener> listener(tf2_buffer[01;36m[K)[m[K;
[0.778s]       |                                                                  [01;36m[K^[m[K
[0.778s] In file included from [01m[K/usr/include/c++/9/memory:81[m[K,
[0.778s]                  from [01m[K/opt/ros/foxy/include/rclcpp/rclcpp.hpp:144[m[K,
[0.778s]                  from [01m[K/home/max/Documents/GitHub/IR2121/Navigation/nav/src/goal/publisher.cpp:2[m[K:
[0.778s] [01m[K/usr/include/c++/9/bits/shared_ptr.h:282:2:[m[K [01;36m[Knote: [m[Kcandidate: â€˜[01m[Ktemplate<class _Yp, class> std::shared_ptr<_Tp>::shared_ptr(std::auto_ptr<_Up>&&)[m[Kâ€™
[0.778s]   282 |  [01;36m[Kshared_ptr[m[K(auto_ptr<_Yp>&& __r);
[0.778s]       |  [01;36m[K^~~~~~~~~~[m[K
[0.778s] [01m[K/usr/include/c++/9/bits/shared_ptr.h:282:2:[m[K [01;36m[Knote: [m[K  template argument deduction/substitution failed:
[0.778s] [01m[K/home/max/Documents/GitHub/IR2121/Navigation/nav/src/goal/publisher.cpp:21:66:[m[K [01;36m[Knote: [m[K  â€˜[01m[Kstd::shared_ptr<tf2_ros::Buffer>[m[Kâ€™ is not derived from â€˜[01m[Kstd::auto_ptr<_Up>[m[Kâ€™
[0.778s]    21 |   std::shared_ptr<tf2_ros::TransformListener> listener(tf2_buffer[01;36m[K)[m[K;
[0.778s]       |                                                                  [01;36m[K^[m[K
[0.778s] In file included from [01m[K/usr/include/c++/9/memory:81[m[K,
[0.778s]                  from [01m[K/opt/ros/foxy/include/rclcpp/rclcpp.hpp:144[m[K,
[0.778s]                  from [01m[K/home/max/Documents/GitHub/IR2121/Navigation/nav/src/goal/publisher.cpp:2[m[K:
[0.778s] [01m[K/usr/include/c++/9/bits/shared_ptr.h:275:11:[m[K [01;36m[Knote: [m[Kcandidate: â€˜[01m[Ktemplate<class _Yp, class> std::shared_ptr<_Tp>::shared_ptr(const std::weak_ptr<_Yp>&)[m[Kâ€™
[0.778s]   275 |  explicit [01;36m[Kshared_ptr[m[K(const weak_ptr<_Yp>& __r)
[0.778s]       |           [01;36m[K^~~~~~~~~~[m[K
[0.778s] [01m[K/usr/include/c++/9/bits/shared_ptr.h:275:11:[m[K [01;36m[Knote: [m[K  template argument deduction/substitution failed:
[0.778s] [01m[K/home/max/Documents/GitHub/IR2121/Navigation/nav/src/goal/publisher.cpp:21:66:[m[K [01;36m[Knote: [m[K  â€˜[01m[Kstd::shared_ptr<tf2_ros::Buffer>[m[Kâ€™ is not derived from â€˜[01m[Kconst std::weak_ptr<_Tp>[m[Kâ€™
[0.778s]    21 |   std::shared_ptr<tf2_ros::TransformListener> listener(tf2_buffer[01;36m[K)[m[K;
[0.778s]       |                                                                  [01;36m[K^[m[K
[0.778s] In file included from [01m[K/usr/include/c++/9/memory:81[m[K,
[0.778s]                  from [01m[K/opt/ros/foxy/include/rclcpp/rclcpp.hpp:144[m[K,
[0.778s]                  from [01m[K/home/max/Documents/GitHub/IR2121/Navigation/nav/src/goal/publisher.cpp:2[m[K:
[0.778s] [01m[K/usr/include/c++/9/bits/shared_ptr.h:263:2:[m[K [01;36m[Knote: [m[Kcandidate: â€˜[01m[Ktemplate<class _Yp, class> std::shared_ptr<_Tp>::shared_ptr(std::shared_ptr<_Yp>&&)[m[Kâ€™
[0.778s]   263 |  [01;36m[Kshared_ptr[m[K(shared_ptr<_Yp>&& __r) noexcept
[0.778s]       |  [01;36m[K^~~~~~~~~~[m[K
[0.778s] [01m[K/usr/include/c++/9/bits/shared_ptr.h:263:2:[m[K [01;36m[Knote: [m[K  template argument deduction/substitution failed:
[0.778s] /usr/include/c++/9/bits/shared_ptr.h: In substitution of â€˜[01m[Ktemplate<class _Tp> template<class ... _Args> using _Constructible = typename std::enable_if<std::is_constructible<std::__shared_ptr<_Tp>, _Args ...>::value>::type [with _Args = {std::shared_ptr<tf2_ros::Buffer>}; _Tp = tf2_ros::TransformListener][m[Kâ€™:
[0.778s] [01m[K/usr/include/c++/9/bits/shared_ptr.h:262:30:[m[K   required from here
[0.778s] [01m[K/usr/include/c++/9/bits/shared_ptr.h:106:8:[m[K [01;31m[Kerror: [m[Kno type named â€˜[01m[Ktype[m[Kâ€™ in â€˜[01m[Kstruct std::enable_if<false, void>[m[Kâ€™
[0.778s]   106 |  using [01;31m[K_Constructible[m[K = typename enable_if<
[0.778s]       |        [01;31m[K^~~~~~~~~~~~~~[m[K
[0.778s] [01m[K/usr/include/c++/9/bits/shared_ptr.h:254:7:[m[K [01;36m[Knote: [m[Kcandidate: â€˜[01m[Kstd::shared_ptr<_Tp>::shared_ptr(std::shared_ptr<_Tp>&&) [with _Tp = tf2_ros::TransformListener][m[Kâ€™
[0.778s]   254 |       [01;36m[Kshared_ptr[m[K(shared_ptr&& __r) noexcept
[0.778s]       |       [01;36m[K^~~~~~~~~~[m[K
[0.779s] [01m[K/usr/include/c++/9/bits/shared_ptr.h:254:31:[m[K [01;36m[Knote: [m[K  no known conversion for argument 1 from â€˜[01m[Kstd::shared_ptr<tf2_ros::Buffer>[m[Kâ€™ to â€˜[01m[Kstd::shared_ptr<tf2_ros::TransformListener>&&[m[Kâ€™
[0.779s]   254 |       shared_ptr([01;36m[Kshared_ptr&& __r[m[K) noexcept
[0.779s]       |                  [01;36m[K~~~~~~~~~~~~~^~~[m[K
[0.779s] [01m[K/usr/include/c++/9/bits/shared_ptr.h:246:2:[m[K [01;36m[Knote: [m[Kcandidate: â€˜[01m[Ktemplate<class _Yp, class> std::shared_ptr<_Tp>::shared_ptr(const std::shared_ptr<_Yp>&)[m[Kâ€™
[0.779s]   246 |  [01;36m[Kshared_ptr[m[K(const shared_ptr<_Yp>& __r) noexcept
[0.779s]       |  [01;36m[K^~~~~~~~~~[m[K
[0.779s] [01m[K/usr/include/c++/9/bits/shared_ptr.h:246:2:[m[K [01;36m[Knote: [m[K  template argument deduction/substitution failed:
[0.779s] /usr/include/c++/9/bits/shared_ptr.h: In substitution of â€˜[01m[Ktemplate<class _Tp> template<class ... _Args> using _Constructible = typename std::enable_if<std::is_constructible<std::__shared_ptr<_Tp>, _Args ...>::value>::type [with _Args = {const std::shared_ptr<tf2_ros::Buffer>&}; _Tp = tf2_ros::TransformListener][m[Kâ€™:
[0.779s] [01m[K/usr/include/c++/9/bits/shared_ptr.h:245:9:[m[K   required from here
[0.779s] [01m[K/usr/include/c++/9/bits/shared_ptr.h:106:8:[m[K [01;31m[Kerror: [m[Kno type named â€˜[01m[Ktype[m[Kâ€™ in â€˜[01m[Kstruct std::enable_if<false, void>[m[Kâ€™
[0.779s]   106 |  using [01;31m[K_Constructible[m[K = typename enable_if<
[0.779s]       |        [01;31m[K^~~~~~~~~~~~~~[m[K
[0.779s] [01m[K/usr/include/c++/9/bits/shared_ptr.h:234:2:[m[K [01;36m[Knote: [m[Kcandidate: â€˜[01m[Ktemplate<class _Yp> std::shared_ptr<_Tp>::shared_ptr(const std::shared_ptr<_Yp>&, std::shared_ptr<_Tp>::element_type*)[m[Kâ€™
[0.779s]   234 |  [01;36m[Kshared_ptr[m[K(const shared_ptr<_Yp>& __r, element_type* __p) noexcept
[0.779s]       |  [01;36m[K^~~~~~~~~~[m[K
[0.779s] [01m[K/usr/include/c++/9/bits/shared_ptr.h:234:2:[m[K [01;36m[Knote: [m[K  template argument deduction/substitution failed:
[0.779s] [01m[K/home/max/Documents/GitHub/IR2121/Navigation/nav/src/goal/publisher.cpp:21:66:[m[K [01;36m[Knote: [m[K  candidate expects 2 arguments, 1 provided
[0.779s]    21 |   std::shared_ptr<tf2_ros::TransformListener> listener(tf2_buffer[01;36m[K)[m[K;
[0.779s]       |                                                                  [01;36m[K^[m[K
[0.779s] In file included from [01m[K/usr/include/c++/9/memory:81[m[K,
[0.779s]                  from [01m[K/opt/ros/foxy/include/rclcpp/rclcpp.hpp:144[m[K,
[0.779s]                  from [01m[K/home/max/Documents/GitHub/IR2121/Navigation/nav/src/goal/publisher.cpp:2[m[K:
[0.779s] [01m[K/usr/include/c++/9/bits/shared_ptr.h:212:2:[m[K [01;36m[Knote: [m[Kcandidate: â€˜[01m[Ktemplate<class _Deleter, class _Alloc> std::shared_ptr<_Tp>::shared_ptr(std::nullptr_t, _Deleter, _Alloc)[m[Kâ€™
[0.779s]   212 |  [01;36m[Kshared_ptr[m[K(nullptr_t __p, _Deleter __d, _Alloc __a)
[0.779s]       |  [01;36m[K^~~~~~~~~~[m[K
[0.779s] [01m[K/usr/include/c++/9/bits/shared_ptr.h:212:2:[m[K [01;36m[Knote: [m[K  template argument deduction/substitution failed:
[0.779s] [01m[K/home/max/Documents/GitHub/IR2121/Navigation/nav/src/goal/publisher.cpp:21:66:[m[K [01;36m[Knote: [m[K  candidate expects 3 arguments, 1 provided
[0.779s]    21 |   std::shared_ptr<tf2_ros::TransformListener> listener(tf2_buffer[01;36m[K)[m[K;
[0.779s]       |                                                                  [01;36m[K^[m[K
[0.779s] In file included from [01m[K/usr/include/c++/9/memory:81[m[K,
[0.779s]                  from [01m[K/opt/ros/foxy/include/rclcpp/rclcpp.hpp:144[m[K,
[0.779s]                  from [01m[K/home/max/Documents/GitHub/IR2121/Navigation/nav/src/goal/publisher.cpp:2[m[K:
[0.779s] [01m[K/usr/include/c++/9/bits/shared_ptr.h:193:2:[m[K [01;36m[Knote: [m[Kcandidate: â€˜[01m[Ktemplate<class _Yp, class _Deleter, class _Alloc, class> std::shared_ptr<_Tp>::shared_ptr(_Yp*, _Deleter, _Alloc)[m[Kâ€™
[0.779s]   193 |  [01;36m[Kshared_ptr[m[K(_Yp* __p, _Deleter __d, _Alloc __a)
[0.779s]       |  [01;36m[K^~~~~~~~~~[m[K
[0.779s] [01m[K/usr/include/c++/9/bits/shared_ptr.h:193:2:[m[K [01;36m[Knote: [m[K  template argument deduction/substitution failed:
[0.779s] [01m[K/home/max/Documents/GitHub/IR2121/Navigation/nav/src/goal/publisher.cpp:21:66:[m[K [01;36m[Knote: [m[K  mismatched types â€˜[01m[K_Yp*[m[Kâ€™ and â€˜[01m[Kstd::shared_ptr<tf2_ros::Buffer>[m[Kâ€™
[0.779s]    21 |   std::shared_ptr<tf2_ros::TransformListener> listener(tf2_buffer[01;36m[K)[m[K;
[0.779s]       |                                                                  [01;36m[K^[m[K
[0.779s] In file included from [01m[K/usr/include/c++/9/memory:81[m[K,
[0.779s]                  from [01m[K/opt/ros/foxy/include/rclcpp/rclcpp.hpp:144[m[K,
[0.779s]                  from [01m[K/home/max/Documents/GitHub/IR2121/Navigation/nav/src/goal/publisher.cpp:2[m[K:
[0.780s] [01m[K/usr/include/c++/9/bits/shared_ptr.h:173:2:[m[K [01;36m[Knote: [m[Kcandidate: â€˜[01m[Ktemplate<class _Deleter> std::shared_ptr<_Tp>::shared_ptr(std::nullptr_t, _Deleter)[m[Kâ€™
[0.780s]   173 |  [01;36m[Kshared_ptr[m[K(nullptr_t __p, _Deleter __d)
[0.780s]       |  [01;36m[K^~~~~~~~~~[m[K
[0.780s] [01m[K/usr/include/c++/9/bits/shared_ptr.h:173:2:[m[K [01;36m[Knote: [m[K  template argument deduction/substitution failed:
[0.780s] [01m[K/home/max/Documents/GitHub/IR2121/Navigation/nav/src/goal/publisher.cpp:21:66:[m[K [01;36m[Knote: [m[K  candidate expects 2 arguments, 1 provided
[0.780s]    21 |   std::shared_ptr<tf2_ros::TransformListener> listener(tf2_buffer[01;36m[K)[m[K;
[0.780s]       |                                                                  [01;36m[K^[m[K
[0.780s] In file included from [01m[K/usr/include/c++/9/memory:81[m[K,
[0.780s]                  from [01m[K/opt/ros/foxy/include/rclcpp/rclcpp.hpp:144[m[K,
[0.780s]                  from [01m[K/home/max/Documents/GitHub/IR2121/Navigation/nav/src/goal/publisher.cpp:2[m[K:
[0.780s] [01m[K/usr/include/c++/9/bits/shared_ptr.h:156:2:[m[K [01;36m[Knote: [m[Kcandidate: â€˜[01m[Ktemplate<class _Yp, class _Deleter, class> std::shared_ptr<_Tp>::shared_ptr(_Yp*, _Deleter)[m[Kâ€™
[0.780s]   156 |  [01;36m[Kshared_ptr[m[K(_Yp* __p, _Deleter __d)
[0.780s]       |  [01;36m[K^~~~~~~~~~[m[K
[0.780s] [01m[K/usr/include/c++/9/bits/shared_ptr.h:156:2:[m[K [01;36m[Knote: [m[K  template argument deduction/substitution failed:
[0.780s] [01m[K/home/max/Documents/GitHub/IR2121/Navigation/nav/src/goal/publisher.cpp:21:66:[m[K [01;36m[Knote: [m[K  mismatched types â€˜[01m[K_Yp*[m[Kâ€™ and â€˜[01m[Kstd::shared_ptr<tf2_ros::Buffer>[m[Kâ€™
[0.780s]    21 |   std::shared_ptr<tf2_ros::TransformListener> listener(tf2_buffer[01;36m[K)[m[K;
[0.780s]       |                                                                  [01;36m[K^[m[K
[0.780s] In file included from [01m[K/usr/include/c++/9/memory:81[m[K,
[0.780s]                  from [01m[K/opt/ros/foxy/include/rclcpp/rclcpp.hpp:144[m[K,
[0.780s]                  from [01m[K/home/max/Documents/GitHub/IR2121/Navigation/nav/src/goal/publisher.cpp:2[m[K:
[0.780s] [01m[K/usr/include/c++/9/bits/shared_ptr.h:139:2:[m[K [01;36m[Knote: [m[Kcandidate: â€˜[01m[Ktemplate<class _Yp, class> std::shared_ptr<_Tp>::shared_ptr(_Yp*)[m[Kâ€™
[0.780s]   139 |  [01;36m[Kshared_ptr[m[K(_Yp* __p) : __shared_ptr<_Tp>(__p) { }
[0.780s]       |  [01;36m[K^~~~~~~~~~[m[K
[0.780s] [01m[K/usr/include/c++/9/bits/shared_ptr.h:139:2:[m[K [01;36m[Knote: [m[K  template argument deduction/substitution failed:
[0.780s] [01m[K/home/max/Documents/GitHub/IR2121/Navigation/nav/src/goal/publisher.cpp:21:66:[m[K [01;36m[Knote: [m[K  mismatched types â€˜[01m[K_Yp*[m[Kâ€™ and â€˜[01m[Kstd::shared_ptr<tf2_ros::Buffer>[m[Kâ€™
[0.780s]    21 |   std::shared_ptr<tf2_ros::TransformListener> listener(tf2_buffer[01;36m[K)[m[K;
[0.780s]       |                                                                  [01;36m[K^[m[K
[0.780s] In file included from [01m[K/usr/include/c++/9/memory:81[m[K,
[0.780s]                  from [01m[K/opt/ros/foxy/include/rclcpp/rclcpp.hpp:144[m[K,
[0.780s]                  from [01m[K/home/max/Documents/GitHub/IR2121/Navigation/nav/src/goal/publisher.cpp:2[m[K:
[0.780s] [01m[K/usr/include/c++/9/bits/shared_ptr.h:129:7:[m[K [01;36m[Knote: [m[Kcandidate: â€˜[01m[Kstd::shared_ptr<_Tp>::shared_ptr(const std::shared_ptr<_Tp>&) [with _Tp = tf2_ros::TransformListener][m[Kâ€™
[0.780s]   129 |       [01;36m[Kshared_ptr[m[K(const shared_ptr&) noexcept = default;
[0.780s]       |       [01;36m[K^~~~~~~~~~[m[K
[0.780s] [01m[K/usr/include/c++/9/bits/shared_ptr.h:129:18:[m[K [01;36m[Knote: [m[K  no known conversion for argument 1 from â€˜[01m[Kstd::shared_ptr<tf2_ros::Buffer>[m[Kâ€™ to â€˜[01m[Kconst std::shared_ptr<tf2_ros::TransformListener>&[m[Kâ€™
[0.780s]   129 |       shared_ptr([01;36m[Kconst shared_ptr&[m[K) noexcept = default;
[0.780s]       |                  [01;36m[K^~~~~~~~~~~~~~~~~[m[K
[0.780s] [01m[K/usr/include/c++/9/bits/shared_ptr.h:127:17:[m[K [01;36m[Knote: [m[Kcandidate: â€˜[01m[Kconstexpr std::shared_ptr<_Tp>::shared_ptr() [with _Tp = tf2_ros::TransformListener][m[Kâ€™
[0.780s]   127 |       constexpr [01;36m[Kshared_ptr[m[K() noexcept : __shared_ptr<_Tp>() { }
[0.780s]       |                 [01;36m[K^~~~~~~~~~[m[K
[0.780s] [01m[K/usr/include/c++/9/bits/shared_ptr.h:127:17:[m[K [01;36m[Knote: [m[K  candidate expects 0 arguments, 1 provided
[0.782s] [01m[K/home/max/Documents/GitHub/IR2121/Navigation/nav/src/goal/publisher.cpp:36:31:[m[K [01;31m[Kerror: [m[Kâ€˜[01m[Kclass std::shared_ptr<tf2_ros::Buffer>[m[Kâ€™ has no member named â€˜[01m[KlookupTransform[m[Kâ€™
[0.782s]    36 |     map_baselink = tf2_buffer.[01;31m[KlookupTransform[m[K("base_link", "map", rclcpp::Time(0), rclcpp::Duration(1.0));
[0.782s]       |                               [01;31m[K^~~~~~~~~~~~~~~[m[K
[1.189s] make[2]: *** [CMakeFiles/publisher.dir/build.make:63: CMakeFiles/publisher.dir/publisher.cpp.o] Error 1
[1.189s] make[1]: *** [CMakeFiles/Makefile2:78: CMakeFiles/publisher.dir/all] Error 2
[1.189s] make: *** [Makefile:141: all] Error 2
[1.190s] Invoked command in '/home/max/Documents/GitHub/IR2121/Navigation/nav/build/goal' returned '2': CMAKE_PREFIX_PATH=${CMAKE_PREFIX_PATH}:/home/max/ws/install/opencv_tests:/opt/ros/foxy /usr/bin/cmake --build /home/max/Documents/GitHub/IR2121/Navigation/nav/build/goal -- -j20 -l20
