[0.089s] Invoking command in '/home/max/Documents/GitHub/IR2121/Navigation/nav/build/goal': CMAKE_PREFIX_PATH=${CMAKE_PREFIX_PATH}:/home/max/ws/install/opencv_tests:/opt/ros/foxy /usr/bin/cmake --build /home/max/Documents/GitHub/IR2121/Navigation/nav/build/goal -- -j20 -l20
[0.112s] [35m[1mScanning dependencies of target publisher[0m
[0.127s] [ 50%] [32mBuilding CXX object CMakeFiles/publisher.dir/publisher.cpp.o[0m
[0.773s] [01m[K/home/max/Documents/GitHub/IR2121/Navigation/nav/src/goal/publisher.cpp:[m[K In function â€˜[01m[Kint main(int, char**)[m[Kâ€™:
[0.773s] [01m[K/home/max/Documents/GitHub/IR2121/Navigation/nav/src/goal/publisher.cpp:20:76:[m[K [01;31m[Kerror: [m[Kexpected â€˜[01m[K)[m[Kâ€™ before numeric constant
[0.773s]    20 |   tf2_ros::Buffer tf2_buffer(rclcpp::Clock::SharedPtr clock, tf2::Duration[34m[K([m[K[01;31m[K2[m[K[32m[K.0[m[K));
[0.773s]       |                                                                           [34m[K~[m[K[01;31m[K^[m[K[32m[K~~[m[K
[0.773s]       |                                                                            [32m[K)[m[K
[0.773s] [01m[K/home/max/Documents/GitHub/IR2121/Navigation/nav/src/goal/publisher.cpp:20:76:[m[K [01;31m[Kerror: [m[Kexpected â€˜[01m[K)[m[Kâ€™ before numeric constant
[0.773s]    20 |   tf2_ros::Buffer tf2_buffer[34m[K([m[Krclcpp::Clock::SharedPtr clock, tf2::Duration([01;31m[K2[m[K[32m[K.0[m[K));
[0.773s]       |                             [34m[K~[m[K                                              [01;31m[K^[m[K[32m[K~~[m[K
[0.773s]       |                                                                            [32m[K)[m[K
[0.774s] [01m[K/home/max/Documents/GitHub/IR2121/Navigation/nav/src/goal/publisher.cpp:20:76:[m[K [01;31m[Kerror: [m[Kexpected initializer before numeric constant
[0.774s]    20 |   tf2_ros::Buffer tf2_buffer(rclcpp::Clock::SharedPtr clock, tf2::Duration([01;31m[K2.0[m[K));
[0.774s]       |                                                                            [01;31m[K^~~[m[K
[0.774s] [01m[K/home/max/Documents/GitHub/IR2121/Navigation/nav/src/goal/publisher.cpp:21:39:[m[K [01;31m[Kerror: [m[Kâ€˜[01m[Ktf2_buffer[m[Kâ€™ was not declared in this scope
[0.774s]    21 |   tf2_ros::TransformListener listener([01;31m[Ktf2_buffer[m[K);
[0.774s]       |                                       [01;31m[K^~~~~~~~~~[m[K
[1.196s] make[2]: *** [CMakeFiles/publisher.dir/build.make:63: CMakeFiles/publisher.dir/publisher.cpp.o] Error 1
[1.196s] make[1]: *** [CMakeFiles/Makefile2:78: CMakeFiles/publisher.dir/all] Error 2
[1.196s] make: *** [Makefile:141: all] Error 2
[1.197s] Invoked command in '/home/max/Documents/GitHub/IR2121/Navigation/nav/build/goal' returned '2': CMAKE_PREFIX_PATH=${CMAKE_PREFIX_PATH}:/home/max/ws/install/opencv_tests:/opt/ros/foxy /usr/bin/cmake --build /home/max/Documents/GitHub/IR2121/Navigation/nav/build/goal -- -j20 -l20
