[0.090s] Invoking command in '/home/max/Documents/GitHub/IR2121/Navigation/nav/build/goal': CMAKE_PREFIX_PATH=${CMAKE_PREFIX_PATH}:/home/max/ws/install/opencv_tests:/opt/ros/foxy /usr/bin/cmake --build /home/max/Documents/GitHub/IR2121/Navigation/nav/build/goal -- -j20 -l20
[0.105s] -- Found ament_cmake: 0.9.12 (/opt/ros/foxy/share/ament_cmake/cmake)
[0.121s] -- Using PYTHON_EXECUTABLE: /usr/bin/python3
[0.206s] -- Found rclcpp: 2.4.3 (/opt/ros/foxy/share/rclcpp/cmake)
[0.224s] -- Using all available rosidl_typesupport_c: rosidl_typesupport_fastrtps_c;rosidl_typesupport_introspection_c
[0.226s] -- Found rosidl_adapter: 1.3.1 (/opt/ros/foxy/share/rosidl_adapter/cmake)
[0.293s] -- Using all available rosidl_typesupport_cpp: rosidl_typesupport_fastrtps_cpp;rosidl_typesupport_introspection_cpp
[0.319s] -- Found rmw_implementation_cmake: 1.0.4 (/opt/ros/foxy/share/rmw_implementation_cmake/cmake)
[0.320s] -- Using RMW implementation 'rmw_fastrtps_cpp' as default
[0.399s] -- Found geometry_msgs: 2.0.5 (/opt/ros/foxy/share/geometry_msgs/cmake)
[0.417s] -- Found tf2_ros: 0.13.14 (/opt/ros/foxy/share/tf2_ros/cmake)
[0.595s] -- Found tf2_geometry_msgs: 0.13.14 (/opt/ros/foxy/share/tf2_geometry_msgs/cmake)
[0.598s] -- Found eigen3_cmake_module: 0.1.1 (/opt/ros/foxy/share/eigen3_cmake_module/cmake)
[0.647s] -- Configuring done
[0.652s] -- Generating done
[0.652s] -- Build files have been written to: /home/max/Documents/GitHub/IR2121/Navigation/nav/build/goal
[0.677s] [ 50%] [32mBuilding CXX object CMakeFiles/publisher.dir/publisher.cpp.o[0m
[1.327s] [01m[K/home/max/Documents/GitHub/IR2121/Navigation/nav/src/goal/publisher.cpp:[m[K In function â€˜[01m[Kint main(int, char**)[m[Kâ€™:
[1.327s] [01m[K/home/max/Documents/GitHub/IR2121/Navigation/nav/src/goal/publisher.cpp:21:49:[m[K [01;31m[Kerror: [m[Kno matching function for call to â€˜[01m[Ktf2_ros::TransformListener::TransformListener(tf2_ros::Buffer (&)(rclcpp::Clock::SharedPtr, rclcpp::Duration))[m[Kâ€™
[1.327s]    21 |   tf2_ros::TransformListener listener(tf2_buffer[01;31m[K)[m[K;
[1.327s]       |                                                 [01;31m[K^[m[K
[1.327s] In file included from [01m[K/home/max/Documents/GitHub/IR2121/Navigation/nav/src/goal/publisher.cpp:5[m[K:
[1.327s] [01m[K/opt/ros/foxy/include/tf2_ros/transform_listener.h:58:3:[m[K [01;36m[Knote: [m[Kcandidate: â€˜[01m[Ktemplate<class NodeT, class AllocatorT> tf2_ros::TransformListener::TransformListener(tf2::BufferCore&, NodeT&&, bool, const rclcpp::QoS&, const rclcpp::QoS&, const rclcpp::SubscriptionOptionsWithAllocator<AllocatorT>&)[m[Kâ€™
[1.327s]    58 |   [01;36m[KTransformListener[m[K(
[1.327s]       |   [01;36m[K^~~~~~~~~~~~~~~~~[m[K
[1.327s] [01m[K/opt/ros/foxy/include/tf2_ros/transform_listener.h:58:3:[m[K [01;36m[Knote: [m[K  template argument deduction/substitution failed:
[1.327s] [01m[K/home/max/Documents/GitHub/IR2121/Navigation/nav/src/goal/publisher.cpp:21:49:[m[K [01;36m[Knote: [m[K  candidate expects 6 arguments, 1 provided
[1.327s]    21 |   tf2_ros::TransformListener listener(tf2_buffer[01;36m[K)[m[K;
[1.327s]       |                                                 [01;36m[K^[m[K
[1.327s] In file included from [01m[K/home/max/Documents/GitHub/IR2121/Navigation/nav/src/goal/publisher.cpp:5[m[K:
[1.327s] [01m[K/opt/ros/foxy/include/tf2_ros/transform_listener.h:55:12:[m[K [01;36m[Knote: [m[Kcandidate: â€˜[01m[Ktf2_ros::TransformListener::TransformListener(tf2::BufferCore&, bool)[m[Kâ€™
[1.327s]    55 |   explicit [01;36m[KTransformListener[m[K(tf2::BufferCore & buffer, bool spin_thread = true);
[1.327s]       |            [01;36m[K^~~~~~~~~~~~~~~~~[m[K
[1.327s] [01m[K/opt/ros/foxy/include/tf2_ros/transform_listener.h:55:48:[m[K [01;36m[Knote: [m[K  no known conversion for argument 1 from â€˜[01m[Ktf2_ros::Buffer(rclcpp::Clock::SharedPtr, rclcpp::Duration)[m[Kâ€™ {aka â€˜[01m[Ktf2_ros::Buffer(std::shared_ptr<rclcpp::Clock>, rclcpp::Duration)[m[Kâ€™} to â€˜[01m[Ktf2::BufferCore&[m[Kâ€™
[1.327s]    55 |   explicit TransformListener([01;36m[Ktf2::BufferCore & buffer[m[K, bool spin_thread = true);
[1.327s]       |                              [01;36m[K~~~~~~~~~~~~~~~~~~^~~~~~[m[K
[1.332s] [01m[K/home/max/Documents/GitHub/IR2121/Navigation/nav/src/goal/publisher.cpp:35:31:[m[K [01;31m[Kerror: [m[Krequest for member â€˜[01m[KlookupTransform[m[Kâ€™ in â€˜[01m[Ktf2_buffer[m[Kâ€™, which is of non-class type â€˜[01m[Ktf2_ros::Buffer(rclcpp::Clock::SharedPtr, rclcpp::Duration)[m[Kâ€™ {aka â€˜[01m[Ktf2_ros::Buffer(std::shared_ptr<rclcpp::Clock>, rclcpp::Duration)[m[Kâ€™}
[1.332s]    35 |     map_baselink = tf2_buffer.[01;31m[KlookupTransform[m[K("base_link", "map", rclcpp::Time(0), rclcpp::Duration(1.0));
[1.332s]       |                               [01;31m[K^~~~~~~~~~~~~~~[m[K
[1.755s] make[2]: *** [CMakeFiles/publisher.dir/build.make:63: CMakeFiles/publisher.dir/publisher.cpp.o] Error 1
[1.755s] make[1]: *** [CMakeFiles/Makefile2:78: CMakeFiles/publisher.dir/all] Error 2
[1.755s] make: *** [Makefile:141: all] Error 2
[1.756s] Invoked command in '/home/max/Documents/GitHub/IR2121/Navigation/nav/build/goal' returned '2': CMAKE_PREFIX_PATH=${CMAKE_PREFIX_PATH}:/home/max/ws/install/opencv_tests:/opt/ros/foxy /usr/bin/cmake --build /home/max/Documents/GitHub/IR2121/Navigation/nav/build/goal -- -j20 -l20
