[01m[K/home/max/Documents/GitHub/IR2121/Navigation/nav/src/goal/publisher.cpp:13:1:[m[K [01;31m[Kerror: [m[Kâ€˜[01m[Ktf2_ros::Buffer::Buffer[m[Kâ€™ names the constructor, not the type
   13 | [01;31m[Ktf2_ros[m[K::Buffer::Buffer tf2_buffer;
      | [01;31m[K^~~~~~~[m[K
[01m[K/home/max/Documents/GitHub/IR2121/Navigation/nav/src/goal/publisher.cpp:[m[K In function â€˜[01m[Kint main(int, char**)[m[Kâ€™:
[01m[K/home/max/Documents/GitHub/IR2121/Navigation/nav/src/goal/publisher.cpp:21:39:[m[K [01;31m[Kerror: [m[Kâ€˜[01m[Ktf2_buffer[m[Kâ€™ was not declared in this scope
   21 |   tf2_ros::TransformListener listener([01;31m[Ktf2_buffer[m[K);
      |                                       [01;31m[K^~~~~~~~~~[m[K
make[2]: *** [CMakeFiles/publisher.dir/build.make:63: CMakeFiles/publisher.dir/publisher.cpp.o] Error 1
make[1]: *** [CMakeFiles/Makefile2:78: CMakeFiles/publisher.dir/all] Error 2
make: *** [Makefile:141: all] Error 2
