[0.115s] Invoking command in '/home/max/Documents/GitHub/IR2121/Navigation/nav/build/goal': CMAKE_PREFIX_PATH=${CMAKE_PREFIX_PATH}:/home/max/ws/install/opencv_tests:/opt/ros/foxy /usr/bin/cmake --build /home/max/Documents/GitHub/IR2121/Navigation/nav/build/goal -- -j20 -l20
[0.140s] [35m[1mScanning dependencies of target publisher[0m
[0.155s] [ 50%] [32mBuilding CXX object CMakeFiles/publisher.dir/publisher.cpp.o[0m
[0.814s] [01m[K/home/max/Documents/GitHub/IR2121/Navigation/nav/src/goal/publisher.cpp:[m[K In function â€˜[01m[Kint main(int, char**)[m[Kâ€™:
[0.814s] [01m[K/home/max/Documents/GitHub/IR2121/Navigation/nav/src/goal/publisher.cpp:36:27:[m[K [01;31m[Kerror: [m[Kâ€˜[01m[Kclass std::unique_ptr<tf2_ros::Buffer>[m[Kâ€™ has no member named â€˜[01m[KlookupTransform[m[Kâ€™
[0.814s]    36 |     map_baselink = buffer.[01;31m[KlookupTransform[m[K("base_link", "map", rclcpp::Time(0), rclcpp::Duration(1.0));
[0.814s]       |                           [01;31m[K^~~~~~~~~~~~~~~[m[K
[1.234s] make[2]: *** [CMakeFiles/publisher.dir/build.make:63: CMakeFiles/publisher.dir/publisher.cpp.o] Error 1
[1.234s] make[1]: *** [CMakeFiles/Makefile2:78: CMakeFiles/publisher.dir/all] Error 2
[1.234s] make: *** [Makefile:141: all] Error 2
[1.235s] Invoked command in '/home/max/Documents/GitHub/IR2121/Navigation/nav/build/goal' returned '2': CMAKE_PREFIX_PATH=${CMAKE_PREFIX_PATH}:/home/max/ws/install/opencv_tests:/opt/ros/foxy /usr/bin/cmake --build /home/max/Documents/GitHub/IR2121/Navigation/nav/build/goal -- -j20 -l20
